Using pre-set license
Built from '2020.3/release' branch; Version is '2020.3.12f1 (b3b2c6512326) revision 11776710'; Using compiler version '192528614'; Build Type 'Release'
OS: 'Windows 10 Pro; OS build 22621.2861; Version 2009; 64bit' Language: 'en' Physical Memory: 15775 MB
BatchMode: 1, IsHumanControllingUs: 0, StartBugReporterOnCrash: 0, Is64bit: 1, IsPro: 0

 COMMAND LINE ARGUMENTS:
C:\Program Files\Unity\Hub\Editor\2020.3.12f1\Editor\Unity.exe
-adb2
-batchMode
-noUpm
-name
AssetImportWorker0
-projectPath
C:/Users/Code Ninjas/Documents/GitHub/MH-JungleEscapePY/WC-Super Shapes
-logFile
Logs/AssetImportWorker0.log
-srvPort
56686
Successfully changed project path to: C:/Users/Code Ninjas/Documents/GitHub/MH-JungleEscapePY/WC-Super Shapes
C:/Users/Code Ninjas/Documents/GitHub/MH-JungleEscapePY/WC-Super Shapes
Using Asset Import Pipeline V2.
Refreshing native plugins compatible for Editor in 42.28 ms, found 3 plugins.
Preloading 0 native plugins for Editor in 0.00 ms.
Initialize engine version: 2020.3.12f1 (b3b2c6512326)
[Subsystems] Discovering subsystems at path C:/Program Files/Unity/Hub/Editor/2020.3.12f1/Editor/Data/Resources/UnitySubsystems
[Subsystems] Discovering subsystems at path C:/Users/Code Ninjas/Documents/GitHub/MH-JungleEscapePY/WC-Super Shapes/Assets
GfxDevice: creating device client; threaded=0
Direct3D:
    Version:  Direct3D 11.0 [level 11.1]
    Renderer: NVIDIA GeForce RTX 3050 Ti Laptop GPU (ID=0x25a0)
    Vendor:   
    VRAM:     3990 MB
    Driver:   30.0.15.1169
Initialize mono
Mono path[0] = 'C:/Program Files/Unity/Hub/Editor/2020.3.12f1/Editor/Data/Managed'
Mono path[1] = 'C:/Program Files/Unity/Hub/Editor/2020.3.12f1/Editor/Data/MonoBleedingEdge/lib/mono/unityjit'
Mono config path = 'C:/Program Files/Unity/Hub/Editor/2020.3.12f1/Editor/Data/MonoBleedingEdge/etc'
Using monoOptions --debugger-agent=transport=dt_socket,embedding=1,server=y,suspend=n,address=127.0.0.1:56936
Begin MonoManager ReloadAssembly
Registering precompiled unity dll's ...
Register platform support module: C:/Program Files/Unity/Hub/Editor/2020.3.12f1/Editor/Data/PlaybackEngines/WindowsStandaloneSupport/UnityEditor.WindowsStandalone.Extensions.dll
Registered in 0.003782 seconds.
Native extension for WindowsStandalone target not found
Refreshing native plugins compatible for Editor in 48.72 ms, found 3 plugins.
Preloading 0 native plugins for Editor in 0.00 ms.
Mono: successfully reloaded assembly
- Completed reload, in  1.466 seconds
Platform modules already initialized, skipping
Registering precompiled user dll's ...
Registered in 0.007125 seconds.
Begin MonoManager ReloadAssembly
Native extension for WindowsStandalone target not found
Refreshing native plugins compatible for Editor in 37.89 ms, found 3 plugins.
Preloading 0 native plugins for Editor in 0.00 ms.
Mono: successfully reloaded assembly
- Completed reload, in  1.077 seconds
Platform modules already initialized, skipping
========================================================================
Worker process is ready to serve import requests
Launched and connected shader compiler UnityShaderCompiler.exe after 0.05 seconds
Refreshing native plugins compatible for Editor in 0.59 ms, found 3 plugins.
Preloading 0 native plugins for Editor in 0.00 ms.
Unloading 2161 Unused Serialized files (Serialized files now loaded: 0)
System memory in use before: 112.9 MB.
System memory in use after: 112.8 MB.

Unloading 37 unused Assets to reduce memory usage. Loaded Objects now: 2600.
Total: 3.033100 ms (FindLiveObjects: 0.305600 ms CreateObjectMapping: 0.095400 ms MarkObjects: 2.409300 ms  DeleteObjects: 0.221600 ms)

AssetImportParameters requested are different than current active one (requested -> active):
  custom:framework-win-MediaFoundation: 216162199b28c13a410421893ffa2e32 -> 
  custom:video-decoder-ogg-theora: a1e56fd34408186e4bbccfd4996cb3dc -> 
  custom:container-muxer-webm: aa71ff27fc2769a1b78a27578f13a17b -> 
  custom:container-demuxer-webm: 4f35f7cbe854078d1ac9338744f61a02 -> 
  custom:container-demuxer-ogg: 62fdf1f143b41e24485cea50d1cbac27 -> 
  custom:video-encoder-webm-vp8: eb34c28f22e8b96e1ab97ce403110664 -> 
  custom:video-decoder-webm-vp8: 9c59270c3fd7afecdb556c50c9e8de78 -> 
  custom:audio-decoder-ogg-vorbis: bf7c407c2cedff20999df2af8eb42d56 -> 
  custom:audio-encoder-webm-vorbis: bf7c407c2cedff20999df2af8eb42d56 -> 
========================================================================
Received Import Request.
  path: Assets/Scripts/PlayerControls.cs
  artifactKey: Guid(c69b5a5069339314b8cf1115fa71ac8f) Importer(815301076,1909f56bfc062723c751e8b465ee728b)
Start importing Assets/Scripts/PlayerControls.cs using Guid(c69b5a5069339314b8cf1115fa71ac8f) Importer(815301076,1909f56bfc062723c751e8b465ee728b)  -> (artifact id: 'e164294c504e440ee5095ee0fdc08c44') in 0.043157 seconds 
  Import took 0.047425 seconds .

========================================================================
Received Import Request.
  Time since last request: 296.638617 seconds.
  path: Assets/Scripts/PlayerControls.cs
  artifactKey: Guid(c69b5a5069339314b8cf1115fa71ac8f) Importer(815301076,1909f56bfc062723c751e8b465ee728b)
Start importing Assets/Scripts/PlayerControls.cs using Guid(c69b5a5069339314b8cf1115fa71ac8f) Importer(815301076,1909f56bfc062723c751e8b465ee728b)  -> (artifact id: '281b7093eff5e450290fb0ee04d788b4') in 0.005409 seconds 
  Import took 0.010878 seconds .

========================================================================
Received Import Request.
  Time since last request: 35.424480 seconds.
  path: Assets/Scripts/PlayerControls.cs
  artifactKey: Guid(c69b5a5069339314b8cf1115fa71ac8f) Importer(815301076,1909f56bfc062723c751e8b465ee728b)
Start importing Assets/Scripts/PlayerControls.cs using Guid(c69b5a5069339314b8cf1115fa71ac8f) Importer(815301076,1909f56bfc062723c751e8b465ee728b)  -> (artifact id: 'b9008bdf6b1ffa730d6b98a9da8e8103') in 0.004455 seconds 
  Import took 0.009182 seconds .

========================================================================
Received Import Request.
  Time since last request: 37.215704 seconds.
  path: Assets/Scripts/PlayerControls.cs
  artifactKey: Guid(c69b5a5069339314b8cf1115fa71ac8f) Importer(815301076,1909f56bfc062723c751e8b465ee728b)
Start importing Assets/Scripts/PlayerControls.cs using Guid(c69b5a5069339314b8cf1115fa71ac8f) Importer(815301076,1909f56bfc062723c751e8b465ee728b)  -> (artifact id: '342b937785d13fd41d274a32eac956f6') in 0.004658 seconds 
  Import took 0.010074 seconds .

========================================================================
Received Import Request.
  Time since last request: 0.002966 seconds.
  path: Assets/Scripts/PlayerControls.cs
  artifactKey: Guid(c69b5a5069339314b8cf1115fa71ac8f) Importer(815301076,1909f56bfc062723c751e8b465ee728b)
Start importing Assets/Scripts/PlayerControls.cs using Guid(c69b5a5069339314b8cf1115fa71ac8f) Importer(815301076,1909f56bfc062723c751e8b465ee728b)  -> (artifact id: '342b937785d13fd41d274a32eac956f6') in 0.004372 seconds 
  Import took 0.009759 seconds .

========================================================================
Received Prepare
Registering precompiled user dll's ...
Registered in 0.006832 seconds.
Begin MonoManager ReloadAssembly
Native extension for WindowsStandalone target not found
Refreshing native plugins compatible for Editor in 0.56 ms, found 3 plugins.
Preloading 0 native plugins for Editor in 0.00 ms.
Mono: successfully reloaded assembly
- Completed reload, in  0.885 seconds
Platform modules already initialized, skipping
Refreshing native plugins compatible for Editor in 0.70 ms, found 3 plugins.
Preloading 0 native plugins for Editor in 0.00 ms.
Unloading 2112 Unused Serialized files (Serialized files now loaded: 0)
System memory in use before: 108.5 MB.
System memory in use after: 108.4 MB.

Unloading 25 unused Assets to reduce memory usage. Loaded Objects now: 2604.
Total: 2.888200 ms (FindLiveObjects: 0.216800 ms CreateObjectMapping: 0.061300 ms MarkObjects: 2.395900 ms  DeleteObjects: 0.213400 ms)

AssetImportParameters requested are different than current active one (requested -> active):
  custom:framework-win-MediaFoundation: 216162199b28c13a410421893ffa2e32 -> 
  custom:video-decoder-ogg-theora: a1e56fd34408186e4bbccfd4996cb3dc -> 
  custom:container-muxer-webm: aa71ff27fc2769a1b78a27578f13a17b -> 
  custom:container-demuxer-webm: 4f35f7cbe854078d1ac9338744f61a02 -> 
  custom:container-demuxer-ogg: 62fdf1f143b41e24485cea50d1cbac27 -> 
  custom:video-encoder-webm-vp8: eb34c28f22e8b96e1ab97ce403110664 -> 
  custom:video-decoder-webm-vp8: 9c59270c3fd7afecdb556c50c9e8de78 -> 
  custom:audio-decoder-ogg-vorbis: bf7c407c2cedff20999df2af8eb42d56 -> 
  custom:audio-encoder-webm-vorbis: bf7c407c2cedff20999df2af8eb42d56 -> 
========================================================================
Received Import Request.
  Time since last request: 27.487445 seconds.
  path: Assets/Scripts/PlayerControls.cs
  artifactKey: Guid(c69b5a5069339314b8cf1115fa71ac8f) Importer(815301076,1909f56bfc062723c751e8b465ee728b)
Start importing Assets/Scripts/PlayerControls.cs using Guid(c69b5a5069339314b8cf1115fa71ac8f) Importer(815301076,1909f56bfc062723c751e8b465ee728b)  -> (artifact id: '5ea0d60b1808bae3107482f6ec365937') in 0.006692 seconds 
  Import took 0.010452 seconds .

========================================================================
Received Import Request.
  Time since last request: 10.227140 seconds.
  path: Assets/Prefabs/3 Sides.prefab
  artifactKey: Guid(d147164ba903349459e2b69461634b0a) Importer(815301076,1909f56bfc062723c751e8b465ee728b)
Start importing Assets/Prefabs/3 Sides.prefab using Guid(d147164ba903349459e2b69461634b0a) Importer(815301076,1909f56bfc062723c751e8b465ee728b)  -> (artifact id: 'e8b868178b9db816ef9366a938c2c42a') in 0.098188 seconds 
  Import took 0.102163 seconds .

========================================================================
Received Import Request.
  Time since last request: 0.000289 seconds.
  path: Assets/Prefabs/Hexagon.prefab
  artifactKey: Guid(b9974bbe1181ab348968ea07c769aa47) Importer(815301076,1909f56bfc062723c751e8b465ee728b)
Start importing Assets/Prefabs/Hexagon.prefab using Guid(b9974bbe1181ab348968ea07c769aa47) Importer(815301076,1909f56bfc062723c751e8b465ee728b)  -> (artifact id: '0556896ab0de554ebb09a4f5367e5390') in 0.026087 seconds 
  Import took 0.030125 seconds .

========================================================================
Received Import Request.
  Time since last request: 0.000309 seconds.
  path: Assets/Prefabs/Player.prefab
  artifactKey: Guid(32230ba6f4513df4ab41f396e814f8d1) Importer(815301076,1909f56bfc062723c751e8b465ee728b)
Start importing Assets/Prefabs/Player.prefab using Guid(32230ba6f4513df4ab41f396e814f8d1) Importer(815301076,1909f56bfc062723c751e8b465ee728b)  -> (artifact id: 'ecc38cc38f432dd42f5503b7933b1e37') in 0.020692 seconds 
  Import took 0.024118 seconds .

========================================================================
Received Import Request.
  Time since last request: 0.000307 seconds.
  path: Assets/Prefabs/GameOverCanvas.prefab
  artifactKey: Guid(4d260ae53ea38094e968ca102d743526) Importer(815301076,1909f56bfc062723c751e8b465ee728b)
Start importing Assets/Prefabs/GameOverCanvas.prefab using Guid(4d260ae53ea38094e968ca102d743526) Importer(815301076,1909f56bfc062723c751e8b465ee728b)  -> (artifact id: 'b3dd63d51080cdf2bd5007aca50a3bff') in 0.027607 seconds 
  Import took 0.031741 seconds .

========================================================================
Received Import Request.
  Time since last request: 0.000336 seconds.
  path: Assets/Prefabs/Triangle.prefab
  artifactKey: Guid(a7a20bb749b744044bb235ea1e406d4b) Importer(815301076,1909f56bfc062723c751e8b465ee728b)
Start importing Assets/Prefabs/Triangle.prefab using Guid(a7a20bb749b744044bb235ea1e406d4b) Importer(815301076,1909f56bfc062723c751e8b465ee728b)  -> (artifact id: 'cce152fae95279795bd64121de38ca52') in 0.018440 seconds 
  Import took 0.023085 seconds .

========================================================================
Received Import Request.
  Time since last request: 0.000322 seconds.
  path: Assets/Prefabs/Pentagon.prefab
  artifactKey: Guid(e9a3ccafa5cb3c243b896ab583de24d7) Importer(815301076,1909f56bfc062723c751e8b465ee728b)
Start importing Assets/Prefabs/Pentagon.prefab using Guid(e9a3ccafa5cb3c243b896ab583de24d7) Importer(815301076,1909f56bfc062723c751e8b465ee728b)  -> (artifact id: 'b1ac875bd990c244b647e357e54e2a33') in 0.019500 seconds 
  Import took 0.023894 seconds .

========================================================================
Received Import Request.
  Time since last request: 0.000298 seconds.
  path: Assets/Prefabs/ScoreCanvas.prefab
  artifactKey: Guid(558a0c94bad7986428cff0ec67b8a6ed) Importer(815301076,1909f56bfc062723c751e8b465ee728b)
Start importing Assets/Prefabs/ScoreCanvas.prefab using Guid(558a0c94bad7986428cff0ec67b8a6ed) Importer(815301076,1909f56bfc062723c751e8b465ee728b)  -> (artifact id: '05332dc71c66bb53d1093c1068738c4c') in 0.013631 seconds 
  Import took 0.017271 seconds .

========================================================================
Received Import Request.
  Time since last request: 0.000292 seconds.
  path: Assets/Prefabs/Pentagon.prefab
  artifactKey: Guid(e9a3ccafa5cb3c243b896ab583de24d7) Importer(815301076,1909f56bfc062723c751e8b465ee728b)
Start importing Assets/Prefabs/Pentagon.prefab using Guid(e9a3ccafa5cb3c243b896ab583de24d7) Importer(815301076,1909f56bfc062723c751e8b465ee728b)  -> (artifact id: 'b1ac875bd990c244b647e357e54e2a33') in 0.010882 seconds 
  Import took 0.014865 seconds .

========================================================================
Received Prepare
Registering precompiled user dll's ...
Registered in 0.006626 seconds.
Begin MonoManager ReloadAssembly
Native extension for WindowsStandalone target not found
Refreshing native plugins compatible for Editor in 0.61 ms, found 3 plugins.
Preloading 0 native plugins for Editor in 0.00 ms.
Mono: successfully reloaded assembly
- Completed reload, in  0.911 seconds
Platform modules already initialized, skipping
Refreshing native plugins compatible for Editor in 0.60 ms, found 3 plugins.
Preloading 0 native plugins for Editor in 0.00 ms.
Unloading 2112 Unused Serialized files (Serialized files now loaded: 0)
System memory in use before: 111.5 MB.
System memory in use after: 111.4 MB.

Unloading 28 unused Assets to reduce memory usage. Loaded Objects now: 2615.
Total: 3.394000 ms (FindLiveObjects: 0.278000 ms CreateObjectMapping: 0.090500 ms MarkObjects: 2.768100 ms  DeleteObjects: 0.256300 ms)

AssetImportParameters requested are different than current active one (requested -> active):
  custom:framework-win-MediaFoundation: 216162199b28c13a410421893ffa2e32 -> 
  custom:video-decoder-ogg-theora: a1e56fd34408186e4bbccfd4996cb3dc -> 
  custom:container-muxer-webm: aa71ff27fc2769a1b78a27578f13a17b -> 
  custom:container-demuxer-webm: 4f35f7cbe854078d1ac9338744f61a02 -> 
  custom:container-demuxer-ogg: 62fdf1f143b41e24485cea50d1cbac27 -> 
  custom:video-encoder-webm-vp8: eb34c28f22e8b96e1ab97ce403110664 -> 
  custom:video-decoder-webm-vp8: 9c59270c3fd7afecdb556c50c9e8de78 -> 
  custom:audio-decoder-ogg-vorbis: bf7c407c2cedff20999df2af8eb42d56 -> 
  custom:audio-encoder-webm-vorbis: bf7c407c2cedff20999df2af8eb42d56 -> 
========================================================================
Received Import Request.
  Time since last request: 10.948468 seconds.
  path: Assets/Prefabs/Player.prefab
  artifactKey: Guid(32230ba6f4513df4ab41f396e814f8d1) Importer(815301076,1909f56bfc062723c751e8b465ee728b)
Start importing Assets/Prefabs/Player.prefab using Guid(32230ba6f4513df4ab41f396e814f8d1) Importer(815301076,1909f56bfc062723c751e8b465ee728b)  -> (artifact id: 'd0c97165c040a5b3d3f63d751a5145b6') in 0.059675 seconds 
  Import took 0.063482 seconds .

========================================================================
Received Prepare
Registering precompiled user dll's ...
Registered in 0.007379 seconds.
Begin MonoManager ReloadAssembly
Native extension for WindowsStandalone target not found
Refreshing native plugins compatible for Editor in 0.57 ms, found 3 plugins.
Preloading 0 native plugins for Editor in 0.00 ms.
Mono: successfully reloaded assembly
- Completed reload, in  0.883 seconds
Platform modules already initialized, skipping
Refreshing native plugins compatible for Editor in 0.60 ms, found 3 plugins.
Preloading 0 native plugins for Editor in 0.00 ms.
Unloading 2112 Unused Serialized files (Serialized files now loaded: 0)
System memory in use before: 111.5 MB.
System memory in use after: 111.5 MB.

Unloading 27 unused Assets to reduce memory usage. Loaded Objects now: 2620.
Total: 3.259100 ms (FindLiveObjects: 0.231100 ms CreateObjectMapping: 0.080000 ms MarkObjects: 2.698800 ms  DeleteObjects: 0.247800 ms)

AssetImportParameters requested are different than current active one (requested -> active):
  custom:framework-win-MediaFoundation: 216162199b28c13a410421893ffa2e32 -> 
  custom:video-decoder-ogg-theora: a1e56fd34408186e4bbccfd4996cb3dc -> 
  custom:container-muxer-webm: aa71ff27fc2769a1b78a27578f13a17b -> 
  custom:container-demuxer-webm: 4f35f7cbe854078d1ac9338744f61a02 -> 
  custom:container-demuxer-ogg: 62fdf1f143b41e24485cea50d1cbac27 -> 
  custom:video-encoder-webm-vp8: eb34c28f22e8b96e1ab97ce403110664 -> 
  custom:video-decoder-webm-vp8: 9c59270c3fd7afecdb556c50c9e8de78 -> 
  custom:audio-decoder-ogg-vorbis: bf7c407c2cedff20999df2af8eb42d56 -> 
  custom:audio-encoder-webm-vorbis: bf7c407c2cedff20999df2af8eb42d56 -> 
========================================================================
Received Import Request.
  Time since last request: 12.374965 seconds.
  path: Assets/Prefabs/Player.prefab
  artifactKey: Guid(32230ba6f4513df4ab41f396e814f8d1) Importer(815301076,1909f56bfc062723c751e8b465ee728b)
Start importing Assets/Prefabs/Player.prefab using Guid(32230ba6f4513df4ab41f396e814f8d1) Importer(815301076,1909f56bfc062723c751e8b465ee728b)  -> (artifact id: 'd92fbe81196d9adf954d4e6a2398b233') in 0.053028 seconds 
  Import took 0.056711 seconds .

========================================================================
Received Import Request.
  Time since last request: 0.009296 seconds.
  path: Assets/Prefabs/Player.prefab
  artifactKey: Guid(32230ba6f4513df4ab41f396e814f8d1) Importer(815301076,1909f56bfc062723c751e8b465ee728b)
Start importing Assets/Prefabs/Player.prefab using Guid(32230ba6f4513df4ab41f396e814f8d1) Importer(815301076,1909f56bfc062723c751e8b465ee728b)  -> (artifact id: 'd92fbe81196d9adf954d4e6a2398b233') in 0.013405 seconds 
  Import took 0.017203 seconds .

========================================================================
Received Import Request.
  Time since last request: 1.060585 seconds.
  path: Assets/Material/3Sides.mat
  artifactKey: Guid(fee322400c87cc4489e4dcbfe8d9c696) Importer(815301076,1909f56bfc062723c751e8b465ee728b)
Start importing Assets/Material/3Sides.mat using Guid(fee322400c87cc4489e4dcbfe8d9c696) Importer(815301076,1909f56bfc062723c751e8b465ee728b)  -> (artifact id: 'd38e7f4663c99d486ce412d447afb68c') in 0.039701 seconds 
  Import took 0.043934 seconds .

========================================================================
Received Import Request.
  Time since last request: 0.000333 seconds.
  path: Assets/Material/Pentagon.mat
  artifactKey: Guid(8fb6a11344a871140a21e1e673fbcf14) Importer(815301076,1909f56bfc062723c751e8b465ee728b)
Start importing Assets/Material/Pentagon.mat using Guid(8fb6a11344a871140a21e1e673fbcf14) Importer(815301076,1909f56bfc062723c751e8b465ee728b)  -> (artifact id: '23e4ae4af8f95972a8ac1d2fb89a6e64') in 0.014418 seconds 
  Import took 0.017973 seconds .

========================================================================
Received Import Request.
  Time since last request: 0.000468 seconds.
  path: Assets/Material/Player.mat
  artifactKey: Guid(921af07bfe8a92b4a954baa8305f56f4) Importer(815301076,1909f56bfc062723c751e8b465ee728b)
Start importing Assets/Material/Player.mat using Guid(921af07bfe8a92b4a954baa8305f56f4) Importer(815301076,1909f56bfc062723c751e8b465ee728b)  -> (artifact id: '154fe9f77c4b2070899f8edc3efc584a') in 0.015128 seconds 
  Import took 0.019120 seconds .

========================================================================
Received Import Request.
  Time since last request: 0.000316 seconds.
  path: Assets/Material/Hexagon.mat
  artifactKey: Guid(9c23a7df46aad054587e117dc89f2b88) Importer(815301076,1909f56bfc062723c751e8b465ee728b)
Start importing Assets/Material/Hexagon.mat using Guid(9c23a7df46aad054587e117dc89f2b88) Importer(815301076,1909f56bfc062723c751e8b465ee728b)  -> (artifact id: '6d3091fb90c4f5c64e42d9e8b97c44f0') in 0.013920 seconds 
  Import took 0.017314 seconds .

========================================================================
Received Import Request.
  Time since last request: 0.000265 seconds.
  path: Assets/Material/Triangle.mat
  artifactKey: Guid(fd9268f7f94256f48b4c12008a6f9a7b) Importer(815301076,1909f56bfc062723c751e8b465ee728b)
Start importing Assets/Material/Triangle.mat using Guid(fd9268f7f94256f48b4c12008a6f9a7b) Importer(815301076,1909f56bfc062723c751e8b465ee728b)  -> (artifact id: '63229f02464d039e66ec6870111363a7') in 0.014692 seconds 
  Import took 0.018357 seconds .

========================================================================
Received Import Request.
  Time since last request: 0.000275 seconds.
  path: Assets/Material/Hexagon.mat
  artifactKey: Guid(9c23a7df46aad054587e117dc89f2b88) Importer(815301076,1909f56bfc062723c751e8b465ee728b)
Start importing Assets/Material/Hexagon.mat using Guid(9c23a7df46aad054587e117dc89f2b88) Importer(815301076,1909f56bfc062723c751e8b465ee728b)  -> (artifact id: '6d3091fb90c4f5c64e42d9e8b97c44f0') in 0.009087 seconds 
  Import took 0.013178 seconds .

========================================================================
Received Import Request.
  Time since last request: 1.307514 seconds.
  path: Assets/Font/droid.ttf
  artifactKey: Guid(ad687fcfbe1a1e4499cb22ff97e1e73d) Importer(815301076,1909f56bfc062723c751e8b465ee728b)
Start importing Assets/Font/droid.ttf using Guid(ad687fcfbe1a1e4499cb22ff97e1e73d) Importer(815301076,1909f56bfc062723c751e8b465ee728b)  -> (artifact id: '8609745b71edc48631420a59a0336fc6') in 0.034927 seconds 
  Import took 0.039314 seconds .

========================================================================
Received Import Request.
  Time since last request: 0.000309 seconds.
  path: Assets/Font/upheavtt.ttf
  artifactKey: Guid(1f62d00c234245c4cb0f55b508983372) Importer(815301076,1909f56bfc062723c751e8b465ee728b)
Start importing Assets/Font/upheavtt.ttf using Guid(1f62d00c234245c4cb0f55b508983372) Importer(815301076,1909f56bfc062723c751e8b465ee728b)  -> (artifact id: '99d48cb8e115e57a72d521075cd3cf85') in 0.019384 seconds 
  Import took 0.022677 seconds .

========================================================================
Received Import Request.
  Time since last request: 122.063925 seconds.
  path: Packages/com.unity.2d.sprite/Editor/ObjectMenuCreation/DefaultAssets/Textures/Circle.png
  artifactKey: Guid(ebe73ca9363db456bacf42c025bb4847) Importer(815301076,1909f56bfc062723c751e8b465ee728b)
Start importing Packages/com.unity.2d.sprite/Editor/ObjectMenuCreation/DefaultAssets/Textures/Circle.png using Guid(ebe73ca9363db456bacf42c025bb4847) Importer(815301076,1909f56bfc062723c751e8b465ee728b)  -> (artifact id: '7d8c39de7271b5a455345680f1bcb82c') in 0.102565 seconds 
  Import took 0.108649 seconds .

========================================================================
Received Prepare
Registering precompiled user dll's ...
Registered in 0.006922 seconds.
Begin MonoManager ReloadAssembly
Native extension for WindowsStandalone target not found
Refreshing native plugins compatible for Editor in 0.58 ms, found 3 plugins.
Preloading 0 native plugins for Editor in 0.00 ms.
Mono: successfully reloaded assembly
- Completed reload, in  0.874 seconds
Platform modules already initialized, skipping
Refreshing native plugins compatible for Editor in 0.57 ms, found 3 plugins.
Preloading 0 native plugins for Editor in 0.00 ms.
Unloading 2112 Unused Serialized files (Serialized files now loaded: 0)
System memory in use before: 111.9 MB.
System memory in use after: 111.8 MB.

Unloading 27 unused Assets to reduce memory usage. Loaded Objects now: 2664.
Total: 2.128700 ms (FindLiveObjects: 0.181900 ms CreateObjectMapping: 0.045700 ms MarkObjects: 1.681400 ms  DeleteObjects: 0.218600 ms)

AssetImportParameters requested are different than current active one (requested -> active):
  custom:framework-win-MediaFoundation: 216162199b28c13a410421893ffa2e32 -> 
  custom:video-decoder-ogg-theora: a1e56fd34408186e4bbccfd4996cb3dc -> 
  custom:container-muxer-webm: aa71ff27fc2769a1b78a27578f13a17b -> 
  custom:container-demuxer-webm: 4f35f7cbe854078d1ac9338744f61a02 -> 
  custom:container-demuxer-ogg: 62fdf1f143b41e24485cea50d1cbac27 -> 
  custom:video-encoder-webm-vp8: eb34c28f22e8b96e1ab97ce403110664 -> 
  custom:video-decoder-webm-vp8: 9c59270c3fd7afecdb556c50c9e8de78 -> 
  custom:audio-decoder-ogg-vorbis: bf7c407c2cedff20999df2af8eb42d56 -> 
  custom:audio-encoder-webm-vorbis: bf7c407c2cedff20999df2af8eb42d56 -> 
AssetImportWorkerClient::OnTransportError - code=2 error=End of file
